<?xml version="1.0" encoding="utf-8"?><testsuites name="pytest tests"><testsuite name="pytest" errors="0" failures="0" skipped="0" tests="24" time="15.882" timestamp="2026-08-23T12:29:06.023774+00:00" hostname="agent-env-8019c8f1-5a3b-4168-9cbc-aa67f5394e90"><testcase classname="tests.test_backend.TestAuth" name="test_register_new_user" time="0.647" /><testcase classname="tests.test_backend.TestProjects" name="test_create_and_list_get" time="1.138" /><testcase classname="tests.test_backend.TestAuth" name="test_register_duplicate_email" time="0.104" /><testcase classname="tests.test_backend.TestAuth" name="test_login_success" time="0.384" /><testcase classname="tests.test_backend.TestAuth" name="test_login_wrong_password" time="0.317" /><testcase classname="tests.test_backend.TestProjects" name="test_projects_require_auth" time="0.317" /><testcase classname="tests.test_backend.TestProjects" name="test_redesign_no_photo_returns_400" time="0.478" /><testcase classname="tests.test_backend.TestAuth" name="test_me_returns_user" time="0.430" /><testcase classname="tests.test_backend.TestAuth" name="test_me_no_token" time="0.099" /><testcase classname="tests.test_backend.TestContractors" name="test_list_contractors" time="0.096" /><testcase classname="tests.test_backend.TestPolls" name="test_active_poll" time="0.107" /><testcase classname="tests.test_backend.TestContractors" name="test_get_contractor_with_reviews" time="0.139" /><testcase classname="tests.test_backend.TestPolls" name="test_vote_poll" time="0.141" /><testcase classname="tests.test_backend.TestContractors" name="test_add_review" time="0.158" /><testcase classname="tests.test_backend.TestPolls" name="test_vote_invalid_option" time="0.149" /><testcase classname="tests.test_backend.TestUpload" name="test_upload_image_and_download" time="0.974" /><testcase classname="tests.test_backend.TestWall" name="test_wall_list_public" time="0.096" /><testcase classname="tests.test_backend.TestWall" name="test_wall_create_and_like" time="0.247" /><testcase classname="tests.test_backend.TestStats" name="test_visit_and_stats" time="0.245" /><testcase classname="tests.test_backend.TestProfile" name="test_update_profile" time="0.099" /><testcase classname="tests.test_backend.TestRedesign" name="test_full_redesign_flow" time="12.494" /><testcase classname="tests.test_backend.TestUpload" name="test_upload_requires_auth" time="0.116" /><testcase classname="tests.test_backend.TestChat" name="test_chat_reply" time="1.933" /><testcase classname="tests.test_backend.TestChat" name="test_chat_requires_auth" time="0.127" /></testsuite></testsuites>