<?xml version="1.0" encoding="utf-8"?><testsuites name="pytest tests"><testsuite name="pytest" errors="0" failures="0" skipped="1" tests="13" time="2.755" timestamp="2026-08-23T17:31:35.564744+00:00" hostname="agent-env-8019c8f1-5a3b-4168-9cbc-aa67f5394e90"><testcase classname="tests.test_v10_payouts.TestAdminSettings" name="test_admin_settings_get" time="0.732" /><testcase classname="tests.test_v10_payouts.TestConnect" name="test_connect_status_no_claim" time="0.781" /><testcase classname="tests.test_v10_payouts.TestConnect" name="test_connect_onboard_no_claim_403" time="0.240" /><testcase classname="tests.test_v10_payouts.TestAdminSettings" name="test_admin_settings_requires_admin" time="0.332" /><testcase classname="tests.test_v10_payouts.TestAdminSettings" name="test_admin_settings_post_persists" time="0.439" /><testcase classname="tests.test_v10_payouts.TestConnect" name="test_connect_onboard_customer_forbidden" time="0.398" /><testcase classname="tests.test_v10_payouts.TestConnect" name="test_connect_onboard_requires_auth" time="0.377" /><testcase classname="tests.test_v10_payouts.TestAdminSettings" name="test_admin_settings_clamped" time="0.168" /><testcase classname="tests.test_v10_payouts.TestReleaseGuard" name="test_release_non_existing_contract_503_guard_first" time="0.063" /><testcase classname="tests.test_v10_payouts.TestReleaseGuard" name="test_release_requires_admin" time="0.048" /><testcase classname="tests.test_v10_payouts.TestAdminReleases" name="test_admin_releases_get" time="0.549" /><testcase classname="tests.test_v10_payouts.TestClaimAndPayoutsGating" name="test_claim_and_approve_then_status" time="0.585"><skipped type="pytest.skip" message="No claimable contractor listing available">/app/backend/tests/test_v10_payouts.py:193: No claimable contractor listing available</skipped></testcase><testcase classname="tests.test_v10_payouts.TestAdminReleases" name="test_admin_releases_requires_admin" time="0.098" /></testsuite></testsuites>