<?xml version="1.0" encoding="utf-8"?><testsuites name="pytest tests"><testsuite name="pytest" errors="0" failures="0" skipped="0" tests="4" time="14.160" timestamp="2026-08-27T10:36:11.459050+00:00" hostname="agent-env-8019c8f1-5a3b-4168-9cbc-aa67f5394e90"><testcase classname="tests.test_v12_sandbox.TestSandboxAuth" name="test_sandbox_unauth_401" time="0.374" /><testcase classname="tests.test_v12_sandbox.TestSandboxRedesign" name="test_full_flow_no_persistence" time="13.723" /><testcase classname="tests.test_v12_sandbox.TestSandboxAuth" name="test_sandbox_non_admin_403" time="0.584" /><testcase classname="tests.test_v12_sandbox.TestSandboxRedesign" name="test_missing_original_path_400" time="0.126" /></testsuite></testsuites>