<?xml version="1.0" encoding="utf-8"?><testsuites name="pytest tests"><testsuite name="pytest" errors="0" failures="0" skipped="0" tests="31" time="3.213" timestamp="2026-08-27T11:00:11.764749+00:00" hostname="agent-env-8019c8f1-5a3b-4168-9cbc-aa67f5394e90"><testcase classname="tests.test_refactor_regression.TestAuth" name="test_login_admin" time="0.603" /><testcase classname="tests.test_refactor_regression.TestAdmin" name="test_admin_overview_non_admin_forbidden" time="0.667" /><testcase classname="tests.test_refactor_regression.TestAuth" name="test_login_bad_password" time="0.330" /><testcase classname="tests.test_refactor_regression.TestAdmin" name="test_admin_overview_unauth" time="0.225" /><testcase classname="tests.test_refactor_regression.TestAdmin" name="test_admin_overview" time="0.514" /><testcase classname="tests.test_refactor_regression.TestAuth" name="test_me_authed" time="0.542" /><testcase classname="tests.test_refactor_regression.TestAdmin" name="test_admin_projects" time="0.065" /><testcase classname="tests.test_refactor_regression.TestAdmin" name="test_admin_claims" time="0.064" /><testcase classname="tests.test_refactor_regression.TestAuth" name="test_me_unauth" time="0.111" /><testcase classname="tests.test_refactor_regression.TestAdmin" name="test_admin_releases" time="0.104" /><testcase classname="tests.test_refactor_regression.TestEngagement" name="test_polls_active" time="0.109" /><testcase classname="tests.test_refactor_regression.TestProjects" name="test_projects_unauth" time="0.102" /><testcase classname="tests.test_refactor_regression.TestProjects" name="test_projects_list_authed" time="0.244" /><testcase classname="tests.test_refactor_regression.TestProjects" name="test_project_create_get_delete" time="0.300" /><testcase classname="tests.test_refactor_regression.TestEngagement" name="test_visit" time="0.407" /><testcase classname="tests.test_refactor_regression.TestEngagement" name="test_stats" time="0.115" /><testcase classname="tests.test_refactor_regression.TestEngagement" name="test_reminders" time="0.068" /><testcase classname="tests.test_refactor_regression.TestAI" name="test_sandbox_unauth" time="0.062" /><testcase classname="tests.test_refactor_regression.TestMessaging" name="test_members" time="0.113" /><testcase classname="tests.test_refactor_regression.TestAI" name="test_sandbox_non_admin_forbidden" time="0.065" /><testcase classname="tests.test_refactor_regression.TestMessaging" name="test_conversations" time="0.062" /><testcase classname="tests.test_refactor_regression.TestAI" name="test_redesign_unauth" time="0.083" /><testcase classname="tests.test_refactor_regression.TestMessaging" name="test_unread" time="0.112" /><testcase classname="tests.test_refactor_regression.TestGeo" name="test_map_contractors_unauth" time="0.076" /><testcase classname="tests.test_refactor_regression.TestGeo" name="test_map_contractors_authed" time="0.071" /><testcase classname="tests.test_refactor_regression.TestContractors" name="test_contractors_list_public" time="0.068" /><testcase classname="tests.test_refactor_regression.TestContractors" name="test_contractor_detail" time="0.127" /><testcase classname="tests.test_refactor_regression.TestGeo" name="test_alerts_nearby" time="0.107" /><testcase classname="tests.test_refactor_regression.TestContracts" name="test_contracts_unauth" time="0.063" /><testcase classname="tests.test_refactor_regression.TestCommunity" name="test_wall_authed" time="0.105" /><testcase classname="tests.test_refactor_regression.TestContracts" name="test_contracts_authed" time="0.065" /></testsuite></testsuites>