<?xml version="1.0" encoding="utf-8"?><testsuites name="pytest tests"><testsuite name="pytest" errors="0" failures="0" skipped="0" tests="10" time="16.338" timestamp="2026-08-27T11:28:04.080778+00:00" hostname="agent-env-8019c8f1-5a3b-4168-9cbc-aa67f5394e90"><testcase classname="tests.test_v14_features.TestFavouriteDesign" name="test_favourite_requires_auth" time="13.286" /><testcase classname="tests.test_v14_features.TestShareImage" name="test_share_image_requires_auth" time="13.165" /><testcase classname="tests.test_v14_features.TestShareImage" name="test_share_image_unknown_project_404" time="0.115" /><testcase classname="tests.test_v14_features.TestFavouriteDesign" name="test_favourite_unknown_project_returns_404" time="0.195" /><testcase classname="tests.test_v14_features.TestShareImage" name="test_share_image_no_original_photo_400" time="0.276" /><testcase classname="tests.test_v14_features.TestFavouriteDesign" name="test_favourite_unknown_design_returns_404" time="0.137" /><testcase classname="tests.test_v14_features.TestShareImage" name="test_share_image_unknown_design_404" time="0.151" /><testcase classname="tests.test_v14_features.TestShareImage" name="test_share_image_returns_valid_png" time="2.313" /><testcase classname="tests.test_v14_features.TestFavouriteDesign" name="test_non_owner_cannot_favourite" time="0.529" /><testcase classname="tests.test_v14_features.TestFavouriteDesign" name="test_toggle_true_then_false_persists" time="0.860" /></testsuite></testsuites>