<?xml version="1.0" encoding="utf-8"?><testsuites name="pytest tests"><testsuite name="pytest" errors="0" failures="0" skipped="0" tests="15" time="3.299" timestamp="2026-08-23T12:44:42.986736+00:00" hostname="agent-env-8019c8f1-5a3b-4168-9cbc-aa67f5394e90"><testcase classname="tests.test_v2_features.TestAdmin" name="test_overview_requires_admin" time="0.925" /><testcase classname="tests.test_v2_features.TestDMs" name="test_send_and_thread" time="1.664" /><testcase classname="tests.test_v2_features.TestAdmin" name="test_overview_ok" time="0.425" /><testcase classname="tests.test_v2_features.TestAdmin" name="test_projects_owner_and_count" time="0.107" /><testcase classname="tests.test_v2_features.TestAdmin" name="test_admin_projects_forbidden_for_customer" time="0.125" /><testcase classname="tests.test_v2_features.TestAdmin" name="test_polls_and_activate" time="0.550" /><testcase classname="tests.test_v2_features.TestDMs" name="test_send_respects_optout" time="0.367" /><testcase classname="tests.test_v2_features.TestDMs" name="test_empty_text" time="0.104" /><testcase classname="tests.test_v2_features.TestAdmin" name="test_activate_forbidden_for_customer" time="0.208" /><testcase classname="tests.test_v2_features.TestDMs" name="test_unknown_recipient" time="0.163" /><testcase classname="tests.test_v2_features.TestMembers" name="test_members_excludes_self_and_admin" time="0.107" /><testcase classname="tests.test_v2_features.TestRooms" name="test_rooms_list" time="0.143" /><testcase classname="tests.test_v2_features.TestMembers" name="test_members_requires_auth" time="0.141" /><testcase classname="tests.test_v2_features.TestRooms" name="test_post_and_list_room_messages" time="0.263" /><testcase classname="tests.test_v2_features.TestRooms" name="test_invalid_room" time="0.217" /></testsuite></testsuites>