<?xml version="1.0" encoding="utf-8"?><testsuites name="pytest tests"><testsuite name="pytest" errors="0" failures="0" skipped="0" tests="16" time="5.028" timestamp="2026-08-23T13:09:16.209828+00:00" hostname="agent-env-8019c8f1-5a3b-4168-9cbc-aa67f5394e90"><testcase classname="tests.test_v3_features.TestPhotoMessages" name="test_dm_image_only_ok" time="1.278" /><testcase classname="tests.test_v3_features.TestRegistrationAddress" name="test_public_user_returns_new_fields" time="1.159" /><testcase classname="tests.test_v3_features.TestRegistrationAddress" name="test_profile_update_uppercases_postcode" time="0.183" /><testcase classname="tests.test_v3_features.TestPhotoMessages" name="test_dm_empty_text_and_no_image_400" time="0.143" /><testcase classname="tests.test_v3_features.TestRegistrationAddress" name="test_register_with_address_fields" time="0.368" /><testcase classname="tests.test_v3_features.TestPhotoMessages" name="test_room_image_only_ok" time="0.249" /><testcase classname="tests.test_v3_features.TestPhotoMessages" name="test_room_empty_400" time="0.106" /><testcase classname="tests.test_v3_features.TestMaps" name="test_map_contractors_with_distances" time="0.320" /><testcase classname="tests.test_v3_features.TestBlockReport" name="test_block_prevents_dm_and_filters_lists" time="2.132" /><testcase classname="tests.test_v3_features.TestMaps" name="test_admin_map" time="0.637" /><testcase classname="tests.test_v3_features.TestMaps" name="test_admin_map_forbidden_for_customer" time="0.114" /><testcase classname="tests.test_v3_features.TestCustomPolls" name="test_create_and_activate_and_delete" time="0.961" /><testcase classname="tests.test_v3_features.TestCustomPolls" name="test_customer_cannot_create_poll" time="0.130" /><testcase classname="tests.test_v3_features.TestUnreadBadge" name="test_unread_flow" time="0.776" /><testcase classname="tests.test_v3_features.TestBlockReport" name="test_report_stored" time="0.559" /><testcase classname="tests.test_v3_features.TestBlockReport" name="test_admin_reports_forbidden_for_customer" time="0.120" /></testsuite></testsuites>