<?xml version="1.0" encoding="utf-8"?><testsuites name="pytest tests"><testsuite name="pytest" errors="0" failures="1" skipped="0" tests="12" time="7.172" timestamp="2026-08-23T13:31:10.412759+00:00" hostname="agent-env-8019c8f1-5a3b-4168-9cbc-aa67f5394e90"><testcase classname="tests.test_v4_features.TestReportActions" name="test_admin_only_403_for_customer" time="2.803" /><testcase classname="tests.test_v4_features.TestReportActions" name="test_warn_marks_report_resolved_and_user_warned" time="1.904" /><testcase classname="tests.test_v4_features.TestRegressions" name="test_report_still_works" time="3.505" /><testcase classname="tests.test_v4_features.TestRegressions" name="test_unread_endpoint" time="0.261" /><testcase classname="tests.test_v4_features.TestRegressions" name="test_polls_list" time="0.151" /><testcase classname="tests.test_v4_features.TestRegressions" name="test_dm_photo_still_works" time="0.532" /><testcase classname="tests.test_v4_features.TestContractorCoverage" name="test_get_contractors_have_coverage_and_reachable" time="0.247" /><testcase classname="tests.test_v4_features.TestContractorCoverage" name="test_admin_can_set_coverage" time="0.479" /><testcase classname="tests.test_v4_features.TestReportActions" name="test_suspend_blocks_login_and_clear_restores" time="2.015" /><testcase classname="tests.test_v4_features.TestContractorCoverage" name="test_customer_cannot_set_coverage" time="1.214" /><testcase classname="tests.test_v4_features.TestNearbyAlerts" name="test_returns_high_rated_reachable" time="0.344" /><testcase classname="tests.test_v4_features.TestReportActions" name="test_invalid_action_400" time="0.118"><failure message="assert 404 == 400&#10; +  where 404 = &lt;Response [404]&gt;.status_code">tests/test_v4_features.py:199: in test_invalid_action_400
    assert r.status_code == 400
E   assert 404 == 400
E    +  where 404 = &lt;Response [404]&gt;.status_code</failure></testcase></testsuite></testsuites>