<?xml version="1.0" encoding="utf-8"?><testsuites name="pytest tests"><testsuite name="pytest" errors="0" failures="0" skipped="0" tests="8" time="15.168" timestamp="2026-08-23T14:05:57.624987+00:00" hostname="agent-env-8019c8f1-5a3b-4168-9cbc-aa67f5394e90"><testcase classname="tests.test_v5_features.TestWallReactCommentGet" name="test_react_increments_and_get_wall_returns_it" time="1.550" /><testcase classname="tests.test_v5_features.TestDMReadReceipts" name="test_read_flag_flips_after_recipient_gets" time="1.859" /><testcase classname="tests.test_v5_features.TestWallReactCommentGet" name="test_empty_emoji_rejected" time="0.234" /><testcase classname="tests.test_v5_features.TestWallReactCommentGet" name="test_comment_appended_and_visible" time="0.321" /><testcase classname="tests.test_v5_features.TestProjectGallery" name="test_add_and_persists_in_get_project" time="0.396" /><testcase classname="tests.test_v5_features.TestWallReactCommentGet" name="test_empty_comment_rejected" time="0.203" /><testcase classname="tests.test_v5_features.TestPersonalisedRedesign" name="test_wishlist_pins_first_are_bq" time="12.598" /><testcase classname="tests.test_v5_features.TestMapContractorsCoverage" name="test_returns_coverage_and_reachable" time="0.103" /></testsuite></testsuites>