<?xml version="1.0" encoding="utf-8"?><testsuites name="pytest tests"><testsuite name="pytest" errors="0" failures="0" skipped="0" tests="13" time="13.972" timestamp="2026-08-23T14:40:32.130029+00:00" hostname="agent-env-8019c8f1-5a3b-4168-9cbc-aa67f5394e90"><testcase classname="tests.test_v6_features.TestReuseMyStyle" name="test_put_style_persists_and_returns_in_public_user" time="0.916" /><testcase classname="tests.test_v6_features.TestPriceHistory" name="test_add_first_price_returns_latest_with_retailer" time="0.845" /><testcase classname="tests.test_v6_features.TestReuseMyStyle" name="test_style_can_be_overwritten" time="0.118" /><testcase classname="tests.test_v6_features.TestReuseMyStyle" name="test_style_requires_auth" time="0.232" /><testcase classname="tests.test_v6_features.TestAssistantProducts" name="test_returns_list_of_product_strings" time="1.553" /><testcase classname="tests.test_v6_features.TestPriceHistory" name="test_add_second_price_returns_two_latest" time="0.547" /><testcase classname="tests.test_v6_features.TestPriceHistory" name="test_third_price_triggers_best_value_and_returns_cheapest" time="0.525" /><testcase classname="tests.test_v6_features.TestPriceHistory" name="test_get_prices_returns_summary_with_latest_and_best_value" time="0.221" /><testcase classname="tests.test_v6_features.TestPriceHistory" name="test_invalid_price_returns_400" time="0.116" /><testcase classname="tests.test_v6_features.TestPriceHistory" name="test_prices_require_auth" time="0.131" /><testcase classname="tests.test_v6_features.TestRedesignRegression" name="test_redesign_still_works_with_wishlist_bq_first" time="11.269" /><testcase classname="tests.test_v6_features.TestAssistantProducts" name="test_empty_prompt_still_returns_products" time="0.858" /><testcase classname="tests.test_v6_features.TestAssistantProducts" name="test_requires_auth" time="0.123" /></testsuite></testsuites>