<?xml version="1.0" encoding="utf-8"?><testsuites name="pytest tests"><testsuite name="pytest" errors="0" failures="0" skipped="0" tests="22" time="6.121" timestamp="2026-08-23T15:00:46.077892+00:00" hostname="agent-env-8019c8f1-5a3b-4168-9cbc-aa67f5394e90"><testcase classname="tests.test_v7_contracts.TestContractDraft" name="test_create_contract_auto_drafts_with_clauses_and_stages" time="0.743" /><testcase classname="tests.test_v7_contracts.TestContractDraft" name="test_create_contract_missing_contractor_404" time="0.125" /><testcase classname="tests.test_v7_contracts.TestContractDraft" name="test_create_requires_auth" time="0.131" /><testcase classname="tests.test_v7_contracts.TestContractListingAndAccess" name="test_customer_lists_only_own" time="0.608" /><testcase classname="tests.test_v7_contracts.TestContractListingAndAccess" name="test_admin_lists_all" time="0.522" /><testcase classname="tests.test_v7_contracts.TestContractListingAndAccess" name="test_get_contract_by_owner_ok" time="0.173" /><testcase classname="tests.test_v7_contracts.TestContractListingAndAccess" name="test_get_contract_by_admin_ok" time="0.151" /><testcase classname="tests.test_v7_contracts.TestContractListingAndAccess" name="test_get_contract_by_other_customer_forbidden" time="0.475" /><testcase classname="tests.test_v7_contracts.TestContractListingAndAccess" name="test_get_nonexistent_contract_404" time="0.149" /><testcase classname="tests.test_v7_contracts.TestContractEditAndSign" name="test_edit_resets_signatures_and_returns_draft" time="0.232" /><testcase classname="tests.test_v7_contracts.TestContractEditAndSign" name="test_customer_signs_then_admin_signs_activates" time="0.269" /><testcase classname="tests.test_v7_contracts.TestContractEditAndSign" name="test_edit_after_both_signed_returns_400" time="0.137" /><testcase classname="tests.test_v7_contracts.TestContractEditAndSign" name="test_sign_requires_full_name" time="0.420" /><testcase classname="tests.test_v7_contracts.TestStageProgress" name="test_customer_cannot_update_stage" time="0.108" /><testcase classname="tests.test_v7_contracts.TestStageProgress" name="test_admin_updates_middle_stage" time="0.102" /><testcase classname="tests.test_v7_contracts.TestStageProgress" name="test_admin_marks_last_stage_completes_contract" time="0.146" /><testcase classname="tests.test_v7_contracts.TestStageProgress" name="test_stage_requires_both_signed" time="0.433" /><testcase classname="tests.test_v7_contracts.TestStageProgress" name="test_stage_index_out_of_range" time="0.107" /><testcase classname="tests.test_v7_contracts.TestContractMessages" name="test_customer_can_post_message_with_role" time="0.156" /><testcase classname="tests.test_v7_contracts.TestContractMessages" name="test_admin_posts_as_contractor_role" time="0.636" /><testcase classname="tests.test_v7_contracts.TestContractMessages" name="test_messages_returned_in_get" time="0.142" /><testcase classname="tests.test_v7_contracts.TestContractMessages" name="test_empty_message_rejected" time="0.099" /></testsuite></testsuites>