<?xml version="1.0" encoding="utf-8"?><testsuites name="pytest tests"><testsuite name="pytest" errors="0" failures="0" skipped="0" tests="19" time="7.506" timestamp="2026-08-23T17:00:31.053635+00:00" hostname="agent-env-8019c8f1-5a3b-4168-9cbc-aa67f5394e90"><testcase classname="tests.test_v8_features.TestContractorClaim" name="test_customer_cannot_claim" time="0.718" /><testcase classname="tests.test_v8_features.TestContractorClaim" name="test_contractor_can_claim_pending" time="0.450" /><testcase classname="tests.test_v8_features.TestContractorClaim" name="test_my_contractor_shows_pending" time="0.156" /><testcase classname="tests.test_v8_features.TestContractorClaim" name="test_admin_lists_pending_claim" time="0.528" /><testcase classname="tests.test_v8_features.TestContractorClaim" name="test_admin_approves_claim" time="0.114" /><testcase classname="tests.test_v8_features.TestContractorClaim" name="test_my_contractor_shows_approved" time="0.220" /><testcase classname="tests.test_v8_features.TestContractorClaim" name="test_contractor_updates_profile" time="0.144" /><testcase classname="tests.test_v8_features.TestContractorClaim" name="test_other_contractor_cannot_edit" time="0.513" /><testcase classname="tests.test_v8_features.TestContractPDF" name="test_pdf_returns_application_pdf_with_bearer" time="0.832" /><testcase classname="tests.test_v8_features.TestContractPDF" name="test_pdf_returns_application_pdf_with_query_token" time="0.152" /><testcase classname="tests.test_v8_features.TestContractPDF" name="test_pdf_unauthorised_gets_401_or_403" time="0.147" /><testcase classname="tests.test_v8_features.TestDeposit" name="test_deposit_creates_stripe_session" time="0.720" /><testcase classname="tests.test_v8_features.TestDeposit" name="test_payment_status_endpoint" time="0.931" /><testcase classname="tests.test_v8_features.TestDeposit" name="test_deposit_requires_both_signed" time="0.273" /><testcase classname="tests.test_v8_features.TestDeposit" name="test_only_customer_can_pay" time="0.126" /><testcase classname="tests.test_v8_features.TestReviewReminders" name="test_reminders_include_completed_contract" time="0.711" /><testcase classname="tests.test_v8_features.TestReviewReminders" name="test_dismiss_review_clears_reminder" time="0.317" /><testcase classname="tests.test_v8_features.TestReviewReminders" name="test_reminders_requires_auth" time="0.137" /><testcase classname="tests.test_v8_features.TestReviewReply" name="test_contractor_can_reply" time="0.265" /></testsuite></testsuites>