<?xml version="1.0" encoding="utf-8"?><testsuites name="pytest tests"><testsuite name="pytest" errors="0" failures="0" skipped="0" tests="10" time="3.080" timestamp="2026-08-23T17:19:05.335934+00:00" hostname="agent-env-8019c8f1-5a3b-4168-9cbc-aa67f5394e90"><testcase classname="tests.test_v9_quote" name="test_customer_cannot_submit_quote" time="0.851" /><testcase classname="tests.test_v9_quote" name="test_deposit_blocked_before_quote_accepted" time="0.149" /><testcase classname="tests.test_v9_quote" name="test_admin_submits_quote_updates_total_and_price" time="0.524" /><testcase classname="tests.test_v9_quote" name="test_customer_declines_quote" time="0.117" /><testcase classname="tests.test_v9_quote" name="test_deposit_still_blocked_after_decline" time="0.137" /><testcase classname="tests.test_v9_quote" name="test_admin_can_update_quote_after_decline" time="0.113" /><testcase classname="tests.test_v9_quote" name="test_admin_cannot_accept_own_quote" time="0.124" /><testcase classname="tests.test_v9_quote" name="test_customer_accepts_quote" time="0.153" /><testcase classname="tests.test_v9_quote" name="test_deposit_creates_stripe_session_after_accept" time="0.753" /><testcase classname="tests.test_v9_quote" name="test_get_contract_persists_quote_state" time="0.123" /></testsuite></testsuites>